<?xml version="1.0" encoding="UTF-8"?>
<testsuite xmlns:xsi="http://www.w3.org/2001/XMLSchema-instance" xsi:noNamespaceSchemaLocation="https://maven.apache.org/surefire/maven-surefire-plugin/xsd/surefire-test-report-3.0.xsd" version="3.0" name="edu.auburn.cpsc4970.auth.AWSUtilsTest" time="1.42" tests="1" errors="0" skipped="0" failures="0">
  <properties>
    <property name="sun.desktop" value="windows"/>
    <property name="awt.toolkit" value="sun.awt.windows.WToolkit"/>
    <property name="java.specification.version" value="11"/>
    <property name="sun.cpu.isalist" value="amd64"/>
    <property name="sun.jnu.encoding" value="Cp1252"/>
    <property name="java.class.path" value="C:\Users\austin\m6-asign-a\target\test-classes;C:\Users\austin\m6-asign-a\target\classes;C:\Users\austin\.m2\repository\software\amazon\awssdk\secretsmanager\2.20.109\secretsmanager-2.20.109.jar;C:\Users\austin\.m2\repository\software\amazon\awssdk\aws-json-protocol\2.20.109\aws-json-protocol-2.20.109.jar;C:\Users\austin\.m2\repository\software\amazon\awssdk\third-party-jackson-core\2.20.109\third-party-jackson-core-2.20.109.jar;C:\Users\austin\.m2\repository\software\amazon\awssdk\protocol-core\2.20.109\protocol-core-2.20.109.jar;C:\Users\austin\.m2\repository\software\amazon\awssdk\sdk-core\2.20.109\sdk-core-2.20.109.jar;C:\Users\austin\.m2\repository\software\amazon\awssdk\profiles\2.20.109\profiles-2.20.109.jar;C:\Users\austin\.m2\repository\org\reactivestreams\reactive-streams\1.0.3\reactive-streams-1.0.3.jar;C:\Users\austin\.m2\repository\software\amazon\awssdk\auth\2.20.109\auth-2.20.109.jar;C:\Users\austin\.m2\repository\software\amazon\eventstream\eventstream\1.0.1\eventstream-1.0.1.jar;C:\Users\austin\.m2\repository\software\amazon\awssdk\http-client-spi\2.20.109\http-client-spi-2.20.109.jar;C:\Users\austin\.m2\repository\software\amazon\awssdk\regions\2.20.109\regions-2.20.109.jar;C:\Users\austin\.m2\repository\software\amazon\awssdk\annotations\2.20.109\annotations-2.20.109.jar;C:\Users\austin\.m2\repository\software\amazon\awssdk\utils\2.20.109\utils-2.20.109.jar;C:\Users\austin\.m2\repository\software\amazon\awssdk\aws-core\2.20.109\aws-core-2.20.109.jar;C:\Users\austin\.m2\repository\software\amazon\awssdk\metrics-spi\2.20.109\metrics-spi-2.20.109.jar;C:\Users\austin\.m2\repository\software\amazon\awssdk\json-utils\2.20.109\json-utils-2.20.109.jar;C:\Users\austin\.m2\repository\software\amazon\awssdk\endpoints-spi\2.20.109\endpoints-spi-2.20.109.jar;C:\Users\austin\.m2\repository\software\amazon\awssdk\apache-client\2.20.109\apache-client-2.20.109.jar;C:\Users\austin\.m2\repository\org\apache\httpcomponents\httpclient\4.5.13\httpclient-4.5.13.jar;C:\Users\austin\.m2\repository\commons-logging\commons-logging\1.2\commons-logging-1.2.jar;C:\Users\austin\.m2\repository\org\apache\httpcomponents\httpcore\4.4.13\httpcore-4.4.13.jar;C:\Users\austin\.m2\repository\commons-codec\commons-codec\1.15\commons-codec-1.15.jar;C:\Users\austin\.m2\repository\software\amazon\awssdk\netty-nio-client\2.20.109\netty-nio-client-2.20.109.jar;C:\Users\austin\.m2\repository\io\netty\netty-codec-http\4.1.94.Final\netty-codec-http-4.1.94.Final.jar;C:\Users\austin\.m2\repository\io\netty\netty-codec-http2\4.1.94.Final\netty-codec-http2-4.1.94.Final.jar;C:\Users\austin\.m2\repository\io\netty\netty-codec\4.1.94.Final\netty-codec-4.1.94.Final.jar;C:\Users\austin\.m2\repository\io\netty\netty-transport\4.1.94.Final\netty-transport-4.1.94.Final.jar;C:\Users\austin\.m2\repository\io\netty\netty-common\4.1.94.Final\netty-common-4.1.94.Final.jar;C:\Users\austin\.m2\repository\io\netty\netty-buffer\4.1.94.Final\netty-buffer-4.1.94.Final.jar;C:\Users\austin\.m2\repository\io\netty\netty-handler\4.1.94.Final\netty-handler-4.1.94.Final.jar;C:\Users\austin\.m2\repository\io\netty\netty-transport-native-unix-common\4.1.94.Final\netty-transport-native-unix-common-4.1.94.Final.jar;C:\Users\austin\.m2\repository\io\netty\netty-transport-classes-epoll\4.1.94.Final\netty-transport-classes-epoll-4.1.94.Final.jar;C:\Users\austin\.m2\repository\io\netty\netty-resolver\4.1.94.Final\netty-resolver-4.1.94.Final.jar;C:\Users\austin\.m2\repository\org\slf4j\slf4j-api\1.7.36\slf4j-api-1.7.36.jar;C:\Users\austin\.m2\repository\junit\junit\4.11\junit-4.11.jar;C:\Users\austin\.m2\repository\org\hamcrest\hamcrest-core\1.3\hamcrest-core-1.3.jar;C:\Users\austin\.m2\repository\commons-io\commons-io\2.11.0\commons-io-2.11.0.jar;C:\Users\austin\.m2\repository\org\json\json\20220320\json-20220320.jar;C:\Users\austin\.m2\repository\org\postgresql\postgresql\42.5.4\postgresql-42.5.4.jar;C:\Users\austin\.m2\repository\org\checkerframework\checker-qual\3.5.0\checker-qual-3.5.0.jar;C:\Users\austin\.m2\repository\org\apache\logging\log4j\log4j-api\2.17.2\log4j-api-2.17.2.jar;C:\Users\austin\.m2\repository\org\apache\logging\log4j\log4j-core\2.17.2\log4j-core-2.17.2.jar;C:\Users\austin\.m2\repository\org\apache\logging\log4j\log4j-slf4j-impl\2.17.2\log4j-slf4j-impl-2.17.2.jar;"/>
    <property name="java.vm.vendor" value="Oracle Corporation"/>
    <property name="sun.arch.data.model" value="64"/>
    <property name="user.variant" value=""/>
    <property name="java.vendor.url" value="https://openjdk.java.net/"/>
    <property name="user.timezone" value="America/Chicago"/>
    <property name="java.vm.specification.version" value="11"/>
    <property name="os.name" value="Windows 10"/>
    <property name="sun.java.launcher" value="SUN_STANDARD"/>
    <property name="user.country" value="US"/>
    <property name="sun.boot.library.path" value="C:\Program Files\Java\jdk-11\bin"/>
    <property name="sun.java.command" value="C:\Users\austin\AppData\Local\Temp\surefire12681237486335073986\surefirebooter-20230726204158482_3.jar C:\Users\austin\AppData\Local\Temp\surefire12681237486335073986 2023-07-26T20-41-58_192-jvmRun1 surefire-20230726204158482_1tmp surefire_0-20230726204158482_2tmp"/>
    <property name="jdk.debug" value="release"/>
    <property name="surefire.test.class.path" value="C:\Users\austin\m6-asign-a\target\test-classes;C:\Users\austin\m6-asign-a\target\classes;C:\Users\austin\.m2\repository\software\amazon\awssdk\secretsmanager\2.20.109\secretsmanager-2.20.109.jar;C:\Users\austin\.m2\repository\software\amazon\awssdk\aws-json-protocol\2.20.109\aws-json-protocol-2.20.109.jar;C:\Users\austin\.m2\repository\software\amazon\awssdk\third-party-jackson-core\2.20.109\third-party-jackson-core-2.20.109.jar;C:\Users\austin\.m2\repository\software\amazon\awssdk\protocol-core\2.20.109\protocol-core-2.20.109.jar;C:\Users\austin\.m2\repository\software\amazon\awssdk\sdk-core\2.20.109\sdk-core-2.20.109.jar;C:\Users\austin\.m2\repository\software\amazon\awssdk\profiles\2.20.109\profiles-2.20.109.jar;C:\Users\austin\.m2\repository\org\reactivestreams\reactive-streams\1.0.3\reactive-streams-1.0.3.jar;C:\Users\austin\.m2\repository\software\amazon\awssdk\auth\2.20.109\auth-2.20.109.jar;C:\Users\austin\.m2\repository\software\amazon\eventstream\eventstream\1.0.1\eventstream-1.0.1.jar;C:\Users\austin\.m2\repository\software\amazon\awssdk\http-client-spi\2.20.109\http-client-spi-2.20.109.jar;C:\Users\austin\.m2\repository\software\amazon\awssdk\regions\2.20.109\regions-2.20.109.jar;C:\Users\austin\.m2\repository\software\amazon\awssdk\annotations\2.20.109\annotations-2.20.109.jar;C:\Users\austin\.m2\repository\software\amazon\awssdk\utils\2.20.109\utils-2.20.109.jar;C:\Users\austin\.m2\repository\software\amazon\awssdk\aws-core\2.20.109\aws-core-2.20.109.jar;C:\Users\austin\.m2\repository\software\amazon\awssdk\metrics-spi\2.20.109\metrics-spi-2.20.109.jar;C:\Users\austin\.m2\repository\software\amazon\awssdk\json-utils\2.20.109\json-utils-2.20.109.jar;C:\Users\austin\.m2\repository\software\amazon\awssdk\endpoints-spi\2.20.109\endpoints-spi-2.20.109.jar;C:\Users\austin\.m2\repository\software\amazon\awssdk\apache-client\2.20.109\apache-client-2.20.109.jar;C:\Users\austin\.m2\repository\org\apache\httpcomponents\httpclient\4.5.13\httpclient-4.5.13.jar;C:\Users\austin\.m2\repository\commons-logging\commons-logging\1.2\commons-logging-1.2.jar;C:\Users\austin\.m2\repository\org\apache\httpcomponents\httpcore\4.4.13\httpcore-4.4.13.jar;C:\Users\austin\.m2\repository\commons-codec\commons-codec\1.15\commons-codec-1.15.jar;C:\Users\austin\.m2\repository\software\amazon\awssdk\netty-nio-client\2.20.109\netty-nio-client-2.20.109.jar;C:\Users\austin\.m2\repository\io\netty\netty-codec-http\4.1.94.Final\netty-codec-http-4.1.94.Final.jar;C:\Users\austin\.m2\repository\io\netty\netty-codec-http2\4.1.94.Final\netty-codec-http2-4.1.94.Final.jar;C:\Users\austin\.m2\repository\io\netty\netty-codec\4.1.94.Final\netty-codec-4.1.94.Final.jar;C:\Users\austin\.m2\repository\io\netty\netty-transport\4.1.94.Final\netty-transport-4.1.94.Final.jar;C:\Users\austin\.m2\repository\io\netty\netty-common\4.1.94.Final\netty-common-4.1.94.Final.jar;C:\Users\austin\.m2\repository\io\netty\netty-buffer\4.1.94.Final\netty-buffer-4.1.94.Final.jar;C:\Users\austin\.m2\repository\io\netty\netty-handler\4.1.94.Final\netty-handler-4.1.94.Final.jar;C:\Users\austin\.m2\repository\io\netty\netty-transport-native-unix-common\4.1.94.Final\netty-transport-native-unix-common-4.1.94.Final.jar;C:\Users\austin\.m2\repository\io\netty\netty-transport-classes-epoll\4.1.94.Final\netty-transport-classes-epoll-4.1.94.Final.jar;C:\Users\austin\.m2\repository\io\netty\netty-resolver\4.1.94.Final\netty-resolver-4.1.94.Final.jar;C:\Users\austin\.m2\repository\org\slf4j\slf4j-api\1.7.36\slf4j-api-1.7.36.jar;C:\Users\austin\.m2\repository\junit\junit\4.11\junit-4.11.jar;C:\Users\austin\.m2\repository\org\hamcrest\hamcrest-core\1.3\hamcrest-core-1.3.jar;C:\Users\austin\.m2\repository\commons-io\commons-io\2.11.0\commons-io-2.11.0.jar;C:\Users\austin\.m2\repository\org\json\json\20220320\json-20220320.jar;C:\Users\austin\.m2\repository\org\postgresql\postgresql\42.5.4\postgresql-42.5.4.jar;C:\Users\austin\.m2\repository\org\checkerframework\checker-qual\3.5.0\checker-qual-3.5.0.jar;C:\Users\austin\.m2\repository\org\apache\logging\log4j\log4j-api\2.17.2\log4j-api-2.17.2.jar;C:\Users\austin\.m2\repository\org\apache\logging\log4j\log4j-core\2.17.2\log4j-core-2.17.2.jar;C:\Users\austin\.m2\repository\org\apache\logging\log4j\log4j-slf4j-impl\2.17.2\log4j-slf4j-impl-2.17.2.jar;"/>
    <property name="sun.cpu.endian" value="little"/>
    <property name="user.home" value="C:\Users\austin"/>
    <property name="user.language" value="en"/>
    <property name="java.specification.vendor" value="Oracle Corporation"/>
    <property name="java.version.date" value="2023-04-18"/>
    <property name="java.home" value="C:\Program Files\Java\jdk-11"/>
    <property name="file.separator" value="\"/>
    <property name="basedir" value="C:\Users\austin\m6-asign-a"/>
    <property name="java.vm.compressedOopsMode" value="Zero based"/>
    <property name="line.separator" value="&#10;"/>
    <property name="java.specification.name" value="Java Platform API Specification"/>
    <property name="java.vm.specification.vendor" value="Oracle Corporation"/>
    <property name="java.awt.graphicsenv" value="sun.awt.Win32GraphicsEnvironment"/>
    <property name="surefire.real.class.path" value="C:\Users\austin\AppData\Local\Temp\surefire12681237486335073986\surefirebooter-20230726204158482_3.jar"/>
    <property name="user.script" value=""/>
    <property name="sun.management.compiler" value="HotSpot 64-Bit Tiered Compilers"/>
    <property name="java.runtime.version" value="11.0.19+9-LTS-224"/>
    <property name="user.name" value="austin"/>
    <property name="path.separator" value=";"/>
    <property name="os.version" value="10.0"/>
    <property name="java.runtime.name" value="Java(TM) SE Runtime Environment"/>
    <property name="file.encoding" value="Cp1252"/>
    <property name="java.vm.name" value="Java HotSpot(TM) 64-Bit Server VM"/>
    <property name="java.vendor.version" value="18.9"/>
    <property name="localRepository" value="C:\Users\austin\.m2\repository"/>
    <property name="java.vendor.url.bug" value="https://bugreport.java.com/bugreport/"/>
    <property name="java.io.tmpdir" value="C:\Users\austin\AppData\Local\Temp\"/>
    <property name="java.version" value="11.0.19"/>
    <property name="user.dir" value="C:\Users\austin\m6-asign-a"/>
    <property name="os.arch" value="amd64"/>
    <property name="java.vm.specification.name" value="Java Virtual Machine Specification"/>
    <property name="java.awt.printerjob" value="sun.awt.windows.WPrinterJob"/>
    <property name="sun.os.patch.level" value=""/>
    <property name="java.library.path" value="C:\Program Files\Java\jdk-11\bin;C:\WINDOWS\Sun\Java\bin;C:\WINDOWS\system32;C:\WINDOWS;C:\Program Files\Maven\apache-maven-3.9.3\bin;C:\Program Files\Java\jdk-11\bin;C:\Program Files (x86)\Vim\vim90;C:\Program Files\Common Files\Oracle\Java\javapath;C:\Program Files (x86)\Common Files\Oracle\Java\javapath;C:\Windows\system32;C:\Windows;C:\Windows\System32\Wbem;C:\Windows\System32\WindowsPowerShell\v1.0\;C:\Windows\System32\OpenSSH\;C:\Program Files\NVIDIA Corporation\NVIDIA NvDLISR;C:\Program Files (x86)\dotnet\;C:\WINDOWS\system32;C:\WINDOWS;C:\WINDOWS\System32\Wbem;C:\WINDOWS\System32\WindowsPowerShell\v1.0\;C:\WINDOWS\System32\OpenSSH\;C:\Program Files\Git\cmd;C:\Users\austin\AppData\Local\Microsoft\WindowsApps;;C:\Users\austin\AppData\Local\Programs\Microsoft VS Code\bin;C:\intelFPGA\20.1\modelsim_ase\win32aloem;."/>
    <property name="java.vendor" value="Oracle Corporation"/>
    <property name="java.vm.info" value="mixed mode"/>
    <property name="java.vm.version" value="11.0.19+9-LTS-224"/>
    <property name="sun.io.unicode.encoding" value="UnicodeLittle"/>
    <property name="java.class.version" value="55.0"/>
  </properties>
  <testcase name="testRetrieveValue" classname="edu.auburn.cpsc4970.auth.AWSUtilsTest" time="1.39"/>
</testsuite>